2025-08-04 13:19:05,303 - patient_synchronizer - ERROR - [patient_synchronizer.py:400] - Fehler beim einf端gen des Patienten: 400
2025-08-04 13:19:05,304 - patient_synchronizer - ERROR - [patient_synchronizer.py:401] - API-Antwort: {
  "error": "Schl\u00fcsselfelder nicht angegeben",
  "success": false
}

2025-08-04 13:19:05,305 - patient_synchronizer - ERROR - [patient_synchronizer.py:597] - Fehler beim Anlegen eines neuen Patienten mit M1Ziffer None
2025-08-04 13:19:05,412 - patient_synchronizer - ERROR - [patient_synchronizer.py:400] - Fehler beim einf端gen des Patienten: 400
2025-08-04 13:19:05,415 - patient_synchronizer - ERROR - [patient_synchronizer.py:401] - API-Antwort: {
  "error": "Schl\u00fcsselfelder nicht angegeben",
  "success": false
}

2025-08-04 13:19:05,416 - patient_synchronizer - ERROR - [patient_synchronizer.py:597] - Fehler beim Anlegen eines neuen Patienten mit M1Ziffer None
2025-08-04 13:19:14,756 - patient_synchronizer - ERROR - [patient_synchronizer.py:400] - Fehler beim einf端gen des Patienten: 400
2025-08-04 13:19:14,757 - patient_synchronizer - ERROR - [patient_synchronizer.py:401] - API-Antwort: {
  "error": "Schl\u00fcsselfelder nicht angegeben",
  "success": false
}

2025-08-04 13:19:14,767 - patient_synchronizer - ERROR - [patient_synchronizer.py:597] - Fehler beim Anlegen eines neuen Patienten mit M1Ziffer None
2025-08-04 13:19:25,918 - patient_synchronizer - ERROR - [patient_synchronizer.py:400] - Fehler beim einf端gen des Patienten: 400
2025-08-04 13:19:25,919 - patient_synchronizer - ERROR - [patient_synchronizer.py:401] - API-Antwort: {
  "error": "Schl\u00fcsselfelder nicht angegeben",
  "success": false
}

2025-08-04 13:19:25,919 - patient_synchronizer - ERROR - [patient_synchronizer.py:597] - Fehler beim Anlegen eines neuen Patienten mit M1Ziffer None
